19:22: 3.0 + 4.0 = 7.0
19:24: (2 + 3i) - (4 + 66i) = (-2-63j)
22:14:50: / = ValueError
22:14:50: (2 + 3i) / (4 + 5i) = (0.5609756097560976+0.0487804878048781j)
22:15:03: 4 = ValueError
22:18:23: / = ValueError
22:24:09: & C:/Users/пїЅпїЅпїЅпїЅпїЅпїЅ/AppData/Local/Programs/Python/Python310/python.exe c:/Users/пїЅпїЅпїЅпїЅпїЅпїЅ/source/Seminar7/main.py = ValueError
22:24:21: + = ValueError
22:24:21: пїЅпїЅпїЅпїЅпїЅ = (2+3j) + (4+5j) = (6+8j)
22:29:54: * = ValueError
22:29:54: пїЅпїЅпїЅпїЅпїЅ = 0 * 0 = 0
22:30:10: + = ValueError
22:30:10: пїЅпїЅпїЅпїЅпїЅ = 0 + 0 = 0
22:35:06: + = ValueError
22:35:06: пїЅпїЅпїЅпїЅпїЅ = 0 + 0 = 0
22:36:55: & C:/Users/пїЅпїЅпїЅпїЅпїЅпїЅ/AppData/Local/Programs/Python/Python310/python.exe c:/Users/пїЅпїЅпїЅпїЅпїЅпїЅ/source/Seminar7/main.py = ValueError
22:36:59: + = ValueError
22:36:59: пїЅпїЅпїЅпїЅпїЅ = 0 + 0 = 0
22:40:53: * = ValueError
22:40:53: пїЅпїЅпїЅпїЅпїЅ = 0 * 0 = 0
22:44:37: + = ValueError
22:44:37: пїЅпїЅпїЅпїЅпїЅ = 1 + 1 = 2
22:45:57: & C:/Users/пїЅпїЅпїЅпїЅпїЅпїЅ/AppData/Local/Programs/Python/Python310/python.exe c:/Users/пїЅпїЅпїЅпїЅпїЅпїЅ/source/Seminar7/main.py = ValueError
22:46:07: / = ValueError
22:46:07: пїЅпїЅпїЅпїЅпїЅ = (2+3j) / (3+4j) = (0.72+0.04j)
22:46:21: / = ValueError
22:46:21: пїЅпїЅпїЅпїЅпїЅ = (2+3j) / (4+5j) = (0.5609756097560976+0.0487804878048781j)
22:46:42: / = ValueError
22:46:42: пїЅпїЅпїЅпїЅпїЅ = (2+3j) / (4+5j) = (0.5609756097560976+0.0487804878048781j)
22:46:46: c = ValueError
22:47:44: / = ValueError
22:47:44: пїЅпїЅпїЅпїЅпїЅ = 0
22:52:47: & C:/Users/пїЅпїЅпїЅпїЅпїЅпїЅ/AppData/Local/Programs/Python/Python310/python.exe c:/Users/пїЅпїЅпїЅпїЅпїЅпїЅ/source/Seminar7/main.py = ValueError
22:52:57: 000002 = ValueError
22:53:05: / = ValueError
22:59:15: + = ValueError
22:59:15: пїЅпїЅпїЅпїЅпїЅ = (2+3j) + (4+5j) = (6+8j)
23:59:32: + = ValueError
23:59:32: пїЅпїЅпїЅпїЅпїЅ:  = 1 + 1 = 2
00:00:22: & C:/Users/пїЅпїЅпїЅпїЅпїЅпїЅ/AppData/Local/Programs/Python/Python310/python.exe c:/Users/пїЅпїЅпїЅпїЅпїЅпїЅ/source/Seminar7/main.py = ValueError
00:00:30:  = ValueError
00:00:47: / = ValueError
00:00:47: пїЅпїЅпїЅпїЅпїЅ:  = 1 / 1 = 1.0
00:07:45: & C:/Users/пїЅпїЅпїЅпїЅпїЅпїЅ/AppData/Local/Programs/Python/Python310/python.exe c:/Users/пїЅпїЅпїЅпїЅпїЅпїЅ/source/Seminar7/main.py = ValueError
00:16:54: / = ValueError
00:16:54: пїЅпїЅпїЅпїЅпїЅ:  = 1 / 1 = 1.0
00:20:59: 3 = пїЅпїЅпїЅпїЅпїЅ пїЅпїЅпїЅпїЅпїЅ пїЅпїЅпїЅпїЅпїЅпїЅпїЅпїЅпїЅ пїЅпїЅпїЅпїЅпїЅпїЅ 1 пїЅпїЅпїЅ 2, пїЅпїЅпїЅпїЅпїЅпїЅпїЅпїЅпїЅ пїЅпїЅпїЅ пїЅпїЅпїЅпїЅпїЅпїЅпїЅпїЅ пїЅ пїЅпїЅпїЅпїЅпїЅ num_to_word 
00:21:38: * = ValueError
00:21:38: пїЅпїЅпїЅпїЅпїЅ:  = 1 * 1 = 1
00:40:41:  = ValueError
00:52:35: + = ValueError
00:52:35: пїЅпїЅпїЅпїЅпїЅ:  = (2+3j) + (2+3j) = (4+6j)
00:54:24: & C:/Users/пїЅпїЅпїЅпїЅпїЅпїЅ/AppData/Local/Programs/Python/Python310/python.exe c:/Users/пїЅпїЅпїЅпїЅпїЅпїЅ/source/Seminar7/main.py = ValueError
00:54:38: * = ValueError
00:54:38: пїЅпїЅпїЅпїЅпїЅ:  = (2+4j) * (3+4j) = (-10+20j)
00:55:58: / = ValueError
00:56:56: / = ValueError
00:56:56: пїЅпїЅпїЅпїЅпїЅ:  = (2+3j) / (4+5j) = (0.5609756097560976+0.0487804878048781j)
01:24:21: & C:/Users/пїЅпїЅпїЅпїЅпїЅпїЅ/AppData/Local/Programs/Python/Python310/python.exe c:/Users/пїЅпїЅпїЅпїЅпїЅпїЅ/source/Seminar7/main.py = ValueError
01:41:39: * = ValueError
01:41:39: пїЅпїЅпїЅпїЅпїЅ:  = 1 * 1 = 1
01:41:50: / = ValueError
01:41:50: пїЅпїЅпїЅпїЅпїЅ:  = 1 / 1 = 1.0
01:42:11: / = ValueError
01:42:11: пїЅпїЅпїЅпїЅпїЅ:  = 1 / 1 = 1.0
01:44:49: / = ValueError
01:44:49: пїЅпїЅпїЅпїЅпїЅ:  = 0 / 1 = 0.0
01:47:23: / = ValueError
01:47:23: пїЅпїЅпїЅпїЅпїЅ:  = 0 / 1 = 0.0
01:47:34: / = ValueError
01:47:34: пїЅпїЅпїЅпїЅпїЅ:  = 0 / 1 = 0.0
01:49:11: & C:/Users/пїЅпїЅпїЅпїЅпїЅпїЅ/AppData/Local/Programs/Python/Python310/python.exe c:/Users/пїЅпїЅпїЅпїЅпїЅпїЅ/source/Seminar7/main.py = ValueError
01:49:17: * = ValueError
01:49:17: пїЅпїЅпїЅпїЅпїЅ:  = 0 * 1 = 0
01:50:10: / = ValueError
01:50:10: пїЅпїЅпїЅпїЅпїЅ:  = (2+3j) / (4+5j) = (0.5609756097560976+0.0487804878048781j)
01:50:20: + = ValueError
01:50:20: пїЅпїЅпїЅпїЅпїЅ:  = (2+3j) + (4+5j) = (6+8j)
01:50:37: + = ValueError
01:50:37: пїЅпїЅпїЅпїЅпїЅ:  = (2+3j) + (4+5j) = (6+8j)
02:06:10: / = ValueError
02:06:10: пїЅпїЅпїЅпїЅпїЅ:  = 0 / 1 = 0.0
02:07:48: & C:/Users/пїЅпїЅпїЅпїЅпїЅпїЅ/AppData/Local/Programs/Python/Python310/python.exe c:/Users/пїЅпїЅпїЅпїЅпїЅпїЅ/source/Seminar7/main.py = ValueError
02:07:59: * = ValueError
02:07:59: пїЅпїЅпїЅпїЅпїЅ:  = 0 * 1 = 0
02:12:24: / = ValueError
02:12:24: пїЅпїЅпїЅпїЅпїЅ:  = 0 / 1 = 0.0
02:14:29: / = ValueError
02:14:29: пїЅпїЅпїЅпїЅпїЅ:  = 3.0 / 4.0 = 0.75
02:15:55: / = ValueError
02:15:55: пїЅпїЅпїЅпїЅпїЅ:  = 0 / 1 = 0.0
02:16:24: / = ValueError
02:16:24: пїЅпїЅпїЅпїЅпїЅ:  = 0 / 1 = 0.0
02:16:32: + = ValueError
02:16:32: пїЅпїЅпїЅпїЅпїЅ:  = 0 + 1 = 1
02:19:19: + = ValueError
02:20:10: + = ValueError
02:20:35: + = ValueError
02:22:07: /4 = ValueError
02:22:11: / = ValueError
02:22:11: пїЅпїЅпїЅпїЅпїЅ:  = 3.0 / 4.0 = 0.75
02:23:11: / = ValueError
03:14:05: / = ValueError
03:27:07: & C:/Users/Сергей/AppData/Local/Programs/Python/Python310/python.exe c:/Users/Сергей/source/Seminar7/main.py = ValueError
03:27:47: & C:/Users/Сергей/AppData/Local/Programs/Python/Python310/python.exe c:/Users/Сергей/source/Seminar7/main.py = ValueError
03:29:29: / = ValueError
03:29:29: 3.0 / 4.0 = 0.75 = ValueError
03:31:28: + = ValueError
03:31:28: 3.0 + 4.0 = 7.0 = ValueError
03:33:28: * = ValueError
03:33:28: 3.0 * 4.0 = 12.0 = ValueError
03:34:54: * = ValueError
03:34:54: 3.0 * 4.0 = 12.0 = ValueError
03:35:39: * = ValueError
03:35:39: 3.0 * 4.0 = 12.0 = ValueError
03:36:09: + = ValueError
03:36:09: (2+3j) + (4+5j) = (6+8j) = ValueError
13:12:00: / = ValueError
13:12:00: None = ValueError
13:16:06: & C:/Users/Сергей/AppData/Local/Programs/Python/Python310/python.exe c:/Users/Сергей/source/Seminar7/main.py = ValueError
13:16:35: + = ValueError
13:16:35: 0 + 1 = 1 = ValueError
13:23:53:  = ValueError
15:16:29: / = ValueError
15:16:29: None = ValueError
15:22:49: & C:/Users/Сергей/AppData/Local/Programs/Python/Python310/python.exe c:/Users/Сергей/source/Seminar7/main.py = ValueError
15:23:08: / = ValueError
15:23:08: Вы делите на ноль. Так нельзя = ValueError
15:24:33: / = ValueError
15:24:33: None = ValueError
15:28:13: / = ValueError
15:28:13: <function part at 0x000002380481F640> = ValueError
15:31:34: & C:/Users/Сергей/AppData/Local/Programs/Python/Python310/python.exe c:/Users/Сергей/source/Seminar7/main.py = ValueError
15:31:51: / = ValueError
15:37:23: / = ValueError
15:37:23: None = ValueError
15:39:00: & C:/Users/Сергей/AppData/Local/Programs/Python/Python310/python.exe c:/Users/Сергей/source/Seminar7/main.py = ValueError
15:39:16: / = ValueError
15:39:46: / = ValueError
15:41:30: / = ValueError
15:42:13: / = ValueError
15:42:13: None = ValueError
15:42:27: / = ValueError
15:42:27: None = ValueError
15:42:56: & C:/Users/Сергей/AppData/Local/Programs/Python/Python310/python.exe c:/Users/Сергей/source/Seminar7/main.py = ValueError
15:43:13: / = ValueError
15:43:13: None = ValueError
15:44:31: / = ValueError
15:44:31: None = ValueError
15:44:44: * = ValueError
15:44:44: 3.0 * 4.0 = 12.0 = ValueError
15:44:52: / = ValueError
15:44:52: None = ValueError
15:47:01: / = ValueError
15:47:01: None = ValueError
15:48:33: / = ValueError
15:48:33: 3.0 / 4.0 = 0.75 = ValueError
15:48:45: / = ValueError
15:50:42: / = ValueError
15:50:42: Деление на ноль запрезено = ValueError
15:51:26: & C:/Users/Сергей/AppData/Local/Programs/Python/Python310/python.exe c:/Users/Сергей/source/Seminar7/main.py = ValueError
15:51:34: / = ValueError
15:51:34: Деление на ноль запрезено = ValueError
15:54:32: / = ValueError
15:55:49: / = ValueError
15:55:49: None = ValueError
15:56:52: / = ValueError
15:56:52: None = ValueError
15:57:38: / = ValueError
15:57:38: 3.0 / 4.0 = 0.75 = ValueError
16:01:24: / = ValueError
16:02:10: / = ValueError
16:02:10: 3.0 / 4.0 = 0.75 = ValueError
16:02:15: / = ValueError
16:03:37: / = ValueError
16:03:37: 2.0 / 3.0 = 0.6666666666666666 = ValueError
16:03:44: / = ValueError
16:04:32: / = ValueError
16:04:32: None = ValueError
16:07:11: / = ValueError
16:07:11: None = ValueError
16:44:45: / = ValueError
16:44:45: None = ValueError
16:44:51: / = ValueError
16:44:51: 3.0 / 4.0 = 0.75 = ValueError
